admin - INFO - user sara registered successfully!! - 2023-01-24 17:06:58,003 - 1674567418.003157
admin - INFO -  user searched rice in grocery list. - 2023-01-24 17:20:00,078 - 1674568200.078245
admin - INFO - rice modified into walnut in your grocery list. - 2023-01-24 17:23:49,493 - 1674568429.493662
admin - INFO - user see grocery prices !! - 2023-01-24 23:52:02,285 - 1674591722.285243
admin - INFO - user see grocery prices !! - 2023-01-25 12:54:11,273 - 1674638651.273291
admin - INFO - user buy vegetable lists !! - 2023-01-25 14:14:38,494 - 1674643478.494401
admin - INFO - user buy vegetable lists !! - 2023-01-25 14:15:08,233 - 1674643508.233381
admin - INFO - user buy vegetable lists !! - 2023-01-25 14:15:56,578 - 1674643556.578444
admin - INFO - user buy vegetable lists !! - 2023-01-25 14:16:33,479 - 1674643593.479855
admin - INFO - user buy vegetable lists !! - 2023-01-25 14:16:33,481 - 1674643593.481849
admin - INFO - user buy vegetable lists !! - 2023-01-25 14:19:07,500 - 1674643747.500063
admin - INFO - user buy vegetable lists !! - 2023-01-25 14:19:07,502 - 1674643747.502058
admin - INFO - user buy vegetable lists !! - 2023-01-25 14:21:15,638 - 1674643875.638998
admin - INFO - user buy vegetable lists !! - 2023-01-25 14:22:31,523 - 1674643951.523798
admin - INFO - user buy vegetable lists !! - 2023-01-25 14:25:10,762 - 1674644110.762160
admin - INFO - user buy vegetable lists !! - 2023-01-25 14:37:20,694 - 1674644840.694776
admin - INFO - user buy vegetable lists !! - 2023-01-25 14:37:20,696 - 1674644840.696770
admin - INFO - user buy vegetable lists !! - 2023-01-25 14:38:36,156 - 1674644916.156231
admin - INFO - user buy vegetable lists !! - 2023-01-25 14:38:36,158 - 1674644916.158225
admin - INFO - user buy vegetable lists !! - 2023-01-25 14:40:07,393 - 1674645007.393898
admin - INFO - user buy vegetable lists !! - 2023-01-25 14:40:07,396 - 1674645007.396890
admin - INFO - user add item into grocery list - 2023-01-25 15:14:16,659 - 1674647056.659958
admin - INFO - user buy vegetable lists !! - 2023-01-25 15:51:56,058 - 1674649316.058566
admin - INFO - user buy vegetable lists !! - 2023-01-25 15:51:56,060 - 1674649316.060373
admin - INFO - user see vegetable prices !! - 2023-01-25 16:12:46,420 - 1674650566.420935
admin - INFO - user see vegetable prices !! - 2023-01-25 16:14:46,763 - 1674650686.763538
admin - INFO - user see grocery prices !! - 2023-01-25 16:16:02,724 - 1674650762.724336
admin - INFO - user see vegetable prices !! - 2023-01-25 16:16:07,008 - 1674650767.008044
admin - INFO - user see vegetable prices !! - 2023-01-25 16:16:42,439 - 1674650802.439855
admin - INFO - user see grocery prices !! - 2023-01-25 16:58:30,317 - 1674653310.317575
admin - INFO - user see cosmetics prices !! - 2023-01-25 16:58:35,931 - 1674653315.931981
admin - INFO - user see vegetable prices !! - 2023-01-25 16:58:41,863 - 1674653321.863713
admin - INFO - user see grocery prices !! - 2023-01-27 09:44:49,681 - 1674800089.681417
admin - INFO - user buy vegetable lists !! - 2023-01-27 10:03:47,650 - 1674801227.650338
admin - INFO - user buy vegetable lists !! - 2023-01-27 10:03:47,657 - 1674801227.657956
admin - INFO - user buy grocery lists !! - 2023-01-27 10:11:07,818 - 1674801667.818756
