__main__ - INFO - user mahnaz fallah arrived into shopping list .  - 2023-01-24 17:02:14,297 - 1674567134.297750
__main__ - INFO - user awsd wasd arrived into shopping list .  - 2023-01-24 17:05:57,384 - 1674567357.384830
__main__ - INFO - user sadx aS arrived into shopping list .  - 2023-01-24 17:06:49,087 - 1674567409.087452
__main__ - INFO - user asd aswd arrived into shopping list .  - 2023-01-24 17:18:53,871 - 1674568133.871387
user - INFO - user sara login successfully!! - 2023-01-24 17:19:03,160 - 1674568143.160620
__main__ - INFO - user sd asd arrived into shopping list .  - 2023-01-24 17:22:59,897 - 1674568379.897512
user - INFO - user sodabe registered successfully !!! - 2023-01-24 17:23:22,081 - 1674568402.081520
user - INFO - user sodabe login successfully!! - 2023-01-24 17:23:26,572 - 1674568406.572564
__main__ - INFO - user sD Wed arrived into shopping list .  - 2023-01-24 17:47:11,900 - 1674569831.900473
__main__ - INFO - user awsde waed arrived into shopping list .  - 2023-01-24 17:48:40,647 - 1674569920.647455
__main__ - INFO - os user name: rayan gostar - 2023-01-24 17:48:40,652 - 1674569920.652442
__main__ - INFO - user exited from shop !!!! - 2023-01-24 23:28:41,099 - 1674590321.099667
__main__ - INFO - user exited from shop !!!! - 2023-01-24 23:29:12,779 - 1674590352.779937
__main__ - INFO - user exited from shop !!!! - 2023-01-24 23:32:10,717 - 1674590530.717535
__main__ - INFO - user exited from shop !!!! - 2023-01-24 23:32:21,919 - 1674590541.919825
__main__ - INFO - user exited from shop !!!! - 2023-01-24 23:33:25,326 - 1674590605.326662
__main__ - INFO - user exited from shop !!!! - 2023-01-24 23:33:28,651 - 1674590608.651330
__main__ - INFO - user exited from shop !!!! - 2023-01-24 23:42:13,127 - 1674591133.127743
__main__ - INFO - user exited from shop !!!! - 2023-01-24 23:49:00,472 - 1674591540.472810
__main__ - INFO - user exited from shop !!!! - 2023-01-24 23:49:28,428 - 1674591568.428604
__main__ - INFO - user exited from shop !!!! - 2023-01-24 23:53:15,030 - 1674591795.030601
__main__ - INFO - user exited from shop !!!! - 2023-01-24 23:53:30,747 - 1674591810.747529
__main__ - INFO - user exited from shop !!!! - 2023-01-25 15:13:59,580 - 1674647039.580989
__main__ - INFO - user exited from shop !!!! - 2023-01-25 15:14:20,794 - 1674647060.794942
__main__ - INFO - user exited from shop !!!! - 2023-01-25 15:15:43,794 - 1674647143.794300
__main__ - INFO - user exited from shop !!!! - 2023-01-25 15:16:50,075 - 1674647210.075767
